[www.shadow-garden-mog.jp/en/information/news/gacha-221129-02/index8326.html]
[www.shadow-garden-mog.jp/en/information/news/gacha-221129-03/index8326.html]
[backblue.gif]
[fade.gif]
[index.html]
[www.shadow-garden-mog.jp/en/information/news/gacha-221129-04/index8326.html]
[www.shadow-garden-mog.jp/wp-content/themes/webview/images/common/appletouch.0.delayed]
[www.shadow-garden-mog.jp/en/information/news/gacha-221129-01/index8326.html]
[www.shadow-garden-mog.jp/en/information/news/gacha-221215-01/index8326.html]
[www.shadow-garden-mog.jp/en/information/news/gacha-221208-01/index8326.html]
[www.shadow-garden-mog.jp/en/information/news/gacha-221129-02/index8326.html]
[www.shadow-garden-mog.jp/en/information/news/gacha-221215-02/index8326.html]
[www.shadow-garden-mog.jp/en/information/news/gacha-221129-03/index8326.html]
[www.shadow-garden-mog.jp/en/information/news/gacha-221222-02/index8326.html]
[www.shadow-garden-mog.jp/en/information/news/gacha-221229-02/index8326.html]
[www.shadow-garden-mog.jp/en/information/news/gacha-221129-04/index8326.html]
[www.shadow-garden-mog.jp/en/information/news/gacha-230101-02/index8326.html]
[www.shadow-garden-mog.jp/en/information/news/gacha-230112-01/index8326.html]
[www.shadow-garden-mog.jp/en/information/news/gacha-230105-01/index8326.html]
[www.shadow-garden-mog.jp/en/information/news/gacha-221202-01/index8326.html]
[www.shadow-garden-mog.jp/en/information/news/gacha-230119-02/index8326.html]
[www.shadow-garden-mog.jp/en/information/news/gacha-221207-01/index8326.html]
[www.shadow-garden-mog.jp/en/information/news/gacha-230126-02/index8326.html]
[www.shadow-garden-mog.jp/en/information/news/gacha-230202-03/index8326.html]
[www.shadow-garden-mog.jp/en/information/news/gacha-230202-04/index8326.html]
[www.shadow-garden-mog.jp/en/information/news/gacha-221208-01/index8326.html]
[www.shadow-garden-mog.jp/en/information/news/gacha-230209-01/index8326.html]
[www.shadow-garden-mog.jp/en/information/news/gacha-221215-01/index8326.html]
[www.shadow-garden-mog.jp/en/information/news/gacha-230216-02/index8326.html]
[www.shadow-garden-mog.jp/en/information/news/gacha-230216-03/index8326.html]
[www.shadow-garden-mog.jp/en/information/news/gacha-221215-02/index8326.html]
[www.shadow-garden-mog.jp/en/information/news/gacha-230223-02/index8326.html]
[www.shadow-garden-mog.jp/en/information/news/gacha-221222-01/index8326.html]
[www.shadow-garden-mog.jp/en/information/news/gacha-230302-02/index8326.html]
[www.shadow-garden-mog.jp/en/information/news/gacha-230302-04/index8326.html]
[www.shadow-garden-mog.jp/en/information/news/gacha-221222-02/index8326.html]
[www.shadow-garden-mog.jp/en/information/news/gacha-230309-01/index8326.html]
[www.shadow-garden-mog.jp/en/information/news/gacha-221229-01/index8326.html]
[www.shadow-garden-mog.jp/en/information/news/gacha-230309-02/index8326.html]
[www.shadow-garden-mog.jp/en/information/news/gacha-230309-03/index8326.html]
[www.shadow-garden-mog.jp/en/information/news/gacha-221229-02/index8326.html]
[www.shadow-garden-mog.jp/en/information/news/gacha-230316-02/index8326.html]
[www.shadow-garden-mog.jp/en/information/news/gacha-230101-01/index8326.html]
[www.shadow-garden-mog.jp/en/information/news/gacha-230323-02/index8326.html]
[www.shadow-garden-mog.jp/en/information/news/gacha-230101-02/index8326.html]
[www.shadow-garden-mog.jp/en/information/news/gacha-230330-03/index8326.html]
[www.shadow-garden-mog.jp/en/information/news/gacha-230330-02/index8326.html]
[www.shadow-garden-mog.jp/en/information/news/gacha-230105-01/index8326.html]
[www.shadow-garden-mog.jp/en/information/news/gacha-230406-01/index8326.html]
[www.shadow-garden-mog.jp/en/information/news/gacha-230112-01/index8326.html]
[www.shadow-garden-mog.jp/en/information/news/gacha-230413-02/index8326.html]
[www.shadow-garden-mog.jp/en/information/news/gacha-230119-01/index8326.html]
[www.shadow-garden-mog.jp/en/information/news/gacha-230420-02/index8326.html]
[www.shadow-garden-mog.jp/en/information/news/gacha-230427-02/index8326.html]
[www.shadow-garden-mog.jp/en/information/news/gacha-230119-02/index8326.html]
[www.shadow-garden-mog.jp/en/information/news/gacha-230427-03/index8326.html]
[www.shadow-garden-mog.jp/en/information/news/gacha-230504-01/index8326.html]
[www.shadow-garden-mog.jp/en/information/news/gacha-230126-01/index8326.html]
[www.shadow-garden-mog.jp/en/information/news/gacha-230504-02/index8326.html]
[www.shadow-garden-mog.jp/en/information/news/gacha-230126-02/index8326.html]
[www.shadow-garden-mog.jp/en/information/news/gacha-230504-03/index8326.html]
[www.shadow-garden-mog.jp/en/information/news/gacha-230202-02/index8326.html]
[www.shadow-garden-mog.jp/en/information/news/gacha-230511-03/index8326.html]
[www.shadow-garden-mog.jp/en/information/news/gacha-230518-02/index8326.html]
[www.shadow-garden-mog.jp/en/information/news/gacha-230518-03/index8326.html]
[www.shadow-garden-mog.jp/en/information/news/gacha-230202-03/index8326.html]
[www.shadow-garden-mog.jp/en/information/news/gacha-230518-04/index8326.html]
[www.shadow-garden-mog.jp/en/information/news/gacha-230202-04/index8326.html]
[www.shadow-garden-mog.jp/en/information/news/gacha-230525-02/index8326.html]
[www.shadow-garden-mog.jp/en/information/news/gacha-230209-01/index8326.html]
[www.shadow-garden-mog.jp/en/information/news/gacha-230601-02/index8326.html]
[www.shadow-garden-mog.jp/en/information/news/gacha-230216-01/index8326.html]
[www.shadow-garden-mog.jp/en/information/news/gacha-230608-01/index8326.html]
[www.shadow-garden-mog.jp/en/information/news/gacha-230216-02/index8326.html]
[www.shadow-garden-mog.jp/en/information/news/gacha-230615-02/index8326.html]
[www.shadow-garden-mog.jp/en/information/news/gacha-230216-03/index8326.html]
[www.shadow-garden-mog.jp/en/information/news/gacha-230622-02/index8326.html]
[www.shadow-garden-mog.jp/en/information/news/gacha-230629-01/index8326.html]
[www.shadow-garden-mog.jp/en/information/news/gacha-230223-01/index8326.html]
[www.shadow-garden-mog.jp/en/information/news/gacha-230629-02/index8326.html]
[www.shadow-garden-mog.jp/en/information/news/gacha-230223-02/index8326.html]
[www.shadow-garden-mog.jp/en/information/news/gacha-230302-01/index8326.html]
[www.shadow-garden-mog.jp/en/information/news/gacha-230706-02/index8326.html]
[www.shadow-garden-mog.jp/en/information/news/gacha-230713-02/index8326.html]
[www.shadow-garden-mog.jp/en/information/news/gacha-230302-02/index8326.html]
[www.shadow-garden-mog.jp/en/information/news/gacha-230720-02/index8326.html]
[www.shadow-garden-mog.jp/en/information/news/gacha-230302-03/index8326.html]
[www.shadow-garden-mog.jp/en/information/news/gacha-230727-02/index8326.html]
[www.shadow-garden-mog.jp/en/information/news/gacha-230727-01/index8326.html]
[www.shadow-garden-mog.jp/en/information/news/gacha-230302-04/index8326.html]
[www.shadow-garden-mog.jp/en/information/news/gacha-230803-02/index8326.html]
[www.shadow-garden-mog.jp/en/information/news/gacha-230309-01/index8326.html]
[www.shadow-garden-mog.jp/en/information/news/gacha-230810-02/index8326.html]
[www.shadow-garden-mog.jp/en/information/news/gacha-230817-02/index8326.html]
[www.shadow-garden-mog.jp/en/information/news/gacha-230309-02/index8326.html]
[www.shadow-garden-mog.jp/en/information/news/gacha-230817-03/index8326.html]
[www.shadow-garden-mog.jp/en/information/news/gacha-230824-01/index8326.html]
[www.shadow-garden-mog.jp/en/information/news/gacha-230309-03/index8326.html]
[www.shadow-garden-mog.jp/en/information/news/gacha-230316-01/index8326.html]
[www.shadow-garden-mog.jp/en/information/news/gacha-230831-03/index8326.html]
[www.shadow-garden-mog.jp/en/information/news/gacha-230316-02/index8326.html]
[www.shadow-garden-mog.jp/en/information/news/gacha-230907-02/index8326.html]
[www.shadow-garden-mog.jp/en/information/news/gacha-230914-02/index8326.html]
[www.shadow-garden-mog.jp/en/information/news/gacha-230323-01/index8326.html]
[www.shadow-garden-mog.jp/en/information/news/gacha-230914-03/index8326.html]
[www.shadow-garden-mog.jp/en/information/news/gacha-230921-01/index8326.html]
[www.shadow-garden-mog.jp/en/information/news/gacha-230323-02/index8326.html]
[www.shadow-garden-mog.jp/en/information/news/gacha-230921-02/index8326.html]
[www.shadow-garden-mog.jp/en/information/news/gacha-230330-01/index8326.html]
[www.shadow-garden-mog.jp/en/information/news/gacha-230330-02/index8326.html]
[www.shadow-garden-mog.jp/en/information/news/gacha-230928-02/index8326.html]
[www.shadow-garden-mog.jp/en/information/news/gacha-230928-03/index8326.html]
[www.shadow-garden-mog.jp/en/information/news/gacha-230330-03/index8326.html]
[www.shadow-garden-mog.jp/en/information/news/gacha-231005-02/index8326.html]
[www.shadow-garden-mog.jp/en/information/news/gacha-230406-01/index8326.html]
[www.shadow-garden-mog.jp/en/information/news/gacha-231005-03/index8326.html]
[www.shadow-garden-mog.jp/en/information/news/gacha-231012-02/index8326.html]
[www.shadow-garden-mog.jp/en/information/news/gacha-230413-01/index8326.html]
[www.shadow-garden-mog.jp/en/information/news/gacha-231019-01/index8326.html]
[www.shadow-garden-mog.jp/en/information/news/gacha-230413-02/index8326.html]
[www.shadow-garden-mog.jp/en/information/news/gacha-231026-02/index8326.html]
[www.shadow-garden-mog.jp/en/information/news/gacha-231102-01/index8326.html]
[www.shadow-garden-mog.jp/en/information/news/gacha-230420-01/index8326.html]
[www.shadow-garden-mog.jp/en/information/news/gacha-231102-02/index8326.html]
[www.shadow-garden-mog.jp/en/information/news/gacha-230420-02/index8326.html]
[www.shadow-garden-mog.jp/en/information/news/gacha-231109-02/index8326.html]
[www.shadow-garden-mog.jp/en/information/news/gacha-231109-03/index8326.html]
[www.shadow-garden-mog.jp/en/information/news/gacha-230427-01/index8326.html]
[www.shadow-garden-mog.jp/en/information/news/gacha-231109-04/index8326.html]
[www.shadow-garden-mog.jp/en/information/news/gacha-231116-01/index8326.html]
[www.shadow-garden-mog.jp/en/information/news/gacha-230427-02/index8326.html]
[www.shadow-garden-mog.jp/en/information/news/gacha-230427-03/index8326.html]
[www.shadow-garden-mog.jp/en/information/news/gacha-231123-02/index8326.html]
[www.shadow-garden-mog.jp/en/information/news/gacha-231123-03/index8326.html]
[www.shadow-garden-mog.jp/en/information/news/gacha-230504-01/index8326.html]
[www.shadow-garden-mog.jp/en/information/news/gacha-231130-02/index8326.html]
[www.shadow-garden-mog.jp/en/information/news/gacha-230504-02/index8326.html]
[www.shadow-garden-mog.jp/en/information/news/gacha-231130-03/index8326.html]
[www.shadow-garden-mog.jp/en/information/news/gacha-231207-02/index8326.html]
[www.shadow-garden-mog.jp/en/information/news/gacha-230504-03/index8326.html]
[www.shadow-garden-mog.jp/en/information/news/gacha-231207-03/index8326.html]
[www.shadow-garden-mog.jp/en/information/news/gacha-230511-01/index8326.html]
[www.shadow-garden-mog.jp/en/information/news/gacha-231207-04/index8326.html]
[www.shadow-garden-mog.jp/en/information/news/gacha-230511-02/index8326.html]
[www.shadow-garden-mog.jp/en/information/news/gacha-231214-02/index8326.html]
[www.shadow-garden-mog.jp/en/information/news/gacha-230511-03/index8326.html]
[www.shadow-garden-mog.jp/en/information/news/gacha-231221-03/index8326.html]
[www.shadow-garden-mog.jp/en/information/news/gacha-230518-01/index8326.html]
[www.shadow-garden-mog.jp/en/information/news/gacha-231226-01/index8326.html]
[www.shadow-garden-mog.jp/en/information/news/gacha-230518-02/index8326.html]
[www.shadow-garden-mog.jp/en/information/news/gacha-231228-02/index8326.html]
[www.shadow-garden-mog.jp/en/information/news/gacha-230518-03/index8326.html]
[www.shadow-garden-mog.jp/en/information/news/gacha-240101-02/index8326.html]
[www.shadow-garden-mog.jp/en/information/news/gacha-240101-03/index8326.html]
[www.shadow-garden-mog.jp/en/information/news/gacha-230518-04/index8326.html]
[www.shadow-garden-mog.jp/en/information/news/gacha-240101-04/index8326.html]
[www.shadow-garden-mog.jp/en/information/news/gacha-240101-05/index8326.html]
[www.shadow-garden-mog.jp/en/information/news/gacha-230525-01/index8326.html]
[www.shadow-garden-mog.jp/en/information/news/gacha-240101-06/index8326.html]
[www.shadow-garden-mog.jp/en/information/news/gacha-240111-01/index8326.html]
[www.shadow-garden-mog.jp/en/information/news/gacha-230525-02/index8326.html]
[www.shadow-garden-mog.jp/en/information/news/gacha-230601-01/index8326.html]
[www.shadow-garden-mog.jp/en/information/news/gacha-230601-02/index8326.html]
[www.shadow-garden-mog.jp/en/information/news/gacha-230608-01/index8326.html]
[www.shadow-garden-mog.jp/en/information/news/gacha-230608-02/index8326.html]
[www.shadow-garden-mog.jp/en/information/news/gacha-230615-01/index8326.html]
[www.shadow-garden-mog.jp/en/information/news/gacha-230615-02/index8326.html]
[www.shadow-garden-mog.jp/en/information/news/gacha-230622-01/index8326.html]
[www.shadow-garden-mog.jp/en/information/news/gacha-230622-02/index8326.html]
[www.shadow-garden-mog.jp/en/information/news/gacha-230629-01/index8326.html]
[www.shadow-garden-mog.jp/en/information/news/gacha-230629-02/index8326.html]
[www.shadow-garden-mog.jp/en/information/news/gacha-230706-01/index8326.html]
[www.shadow-garden-mog.jp/en/information/news/gacha-230706-02/index8326.html]
[www.shadow-garden-mog.jp/en/information/news/gacha-230713-01/index8326.html]
[www.shadow-garden-mog.jp/en/information/news/gacha-230713-02/index8326.html]
[www.shadow-garden-mog.jp/en/information/news/gacha-230720-01/index8326.html]
[www.shadow-garden-mog.jp/en/information/news/gacha-230720-02/index8326.html]
[www.shadow-garden-mog.jp/en/information/news/gacha-230727-01/index8326.html]
[www.shadow-garden-mog.jp/en/information/news/gacha-230727-02/index8326.html]
[www.shadow-garden-mog.jp/en/information/news/gacha-230803-01/index8326.html]
[www.shadow-garden-mog.jp/en/information/news/gacha-230803-02/index8326.html]
[www.shadow-garden-mog.jp/en/information/news/gacha-230810-01/index8326.html]
[www.shadow-garden-mog.jp/en/information/news/gacha-230810-02/index8326.html]
[www.shadow-garden-mog.jp/en/information/news/gacha-230817-01/index8326.html]
[www.shadow-garden-mog.jp/en/information/news/gacha-230817-02/index8326.html]
[www.shadow-garden-mog.jp/en/information/news/gacha-230817-03/index8326.html]
[www.shadow-garden-mog.jp/en/information/news/gacha-230824-01/index8326.html]
[www.shadow-garden-mog.jp/en/information/news/gacha-230831-01/index8326.html]
[www.shadow-garden-mog.jp/en/information/news/gacha-230831-02/index8326.html]
[www.shadow-garden-mog.jp/en/information/news/gacha-230831-03/index8326.html]
[www.shadow-garden-mog.jp/en/information/news/gacha-230907-01/index8326.html]
[www.shadow-garden-mog.jp/en/information/news/gacha-230907-02/index8326.html]
[www.shadow-garden-mog.jp/en/information/news/gacha-230914-01/index8326.html]
[www.shadow-garden-mog.jp/en/information/news/gacha-230914-02/index8326.html]
[www.shadow-garden-mog.jp/en/information/news/gacha-230914-03/index8326.html]
[www.shadow-garden-mog.jp/en/information/news/gacha-230921-01/index8326.html]
[www.shadow-garden-mog.jp/en/information/news/gacha-230921-02/index8326.html]
[www.shadow-garden-mog.jp/en/information/news/gacha-230928-01/index8326.html]
[www.shadow-garden-mog.jp/en/information/news/gacha-230928-02/index8326.html]
[www.shadow-garden-mog.jp/en/information/news/gacha-230928-03/index8326.html]
[www.shadow-garden-mog.jp/en/information/news/gacha-230928-04/index8326.html]
[www.shadow-garden-mog.jp/en/information/news/gacha-231005-01/index8326.html]
[www.shadow-garden-mog.jp/en/information/news/gacha-231005-02/index8326.html]
[www.shadow-garden-mog.jp/en/information/news/gacha-231005-03/index8326.html]
[www.shadow-garden-mog.jp/en/information/news/gacha-231012-01/index8326.html]
[www.shadow-garden-mog.jp/en/information/news/gacha-231012-02/index8326.html]
[www.shadow-garden-mog.jp/en/information/news/gacha-231019-01/index8326.html]
[www.shadow-garden-mog.jp/en/information/news/gacha-231026-01/index8326.html]
[www.shadow-garden-mog.jp/en/information/news/gacha-231026-02/index8326.html]
[www.shadow-garden-mog.jp/en/information/news/gacha-231102-01/index8326.html]
[www.shadow-garden-mog.jp/en/information/news/gacha-231102-02/index8326.html]
[www.shadow-garden-mog.jp/en/information/news/gacha-231109-01/index8326.html]
[www.shadow-garden-mog.jp/en/information/news/gacha-231109-02/index8326.html]
[www.shadow-garden-mog.jp/en/information/news/gacha-231109-03/index8326.html]
[www.shadow-garden-mog.jp/en/information/news/gacha-231109-04/index8326.html]
[www.shadow-garden-mog.jp/en/information/news/gacha-231116-01/index8326.html]
[www.shadow-garden-mog.jp/en/information/news/gacha-231123-01/index8326.html]
[www.shadow-garden-mog.jp/en/information/news/gacha-231123-02/index8326.html]
[www.shadow-garden-mog.jp/en/information/news/gacha-231123-03/index8326.html]
[www.shadow-garden-mog.jp/en/information/news/gacha-231130-01/index8326.html]
[www.shadow-garden-mog.jp/en/information/news/gacha-231130-02/index8326.html]
[www.shadow-garden-mog.jp/en/information/news/gacha-231130-03/index8326.html]
[www.shadow-garden-mog.jp/en/information/news/gacha-231207-01/index8326.html]
[www.shadow-garden-mog.jp/en/information/news/gacha-231207-02/index8326.html]
[www.shadow-garden-mog.jp/en/information/news/gacha-231207-03/index8326.html]
[www.shadow-garden-mog.jp/en/information/news/gacha-231207-04/index8326.html]
[www.shadow-garden-mog.jp/en/information/news/gacha-231214-01/index8326.html]
[www.shadow-garden-mog.jp/en/information/news/gacha-231214-02/index8326.html]
[www.shadow-garden-mog.jp/en/information/news/gacha-231221-01/index8326.html]
[www.shadow-garden-mog.jp/en/information/news/gacha-231221-02/index8326.html]
[www.shadow-garden-mog.jp/en/information/news/gacha-231221-03/index8326.html]
[www.shadow-garden-mog.jp/en/information/news/gacha-231226-01/index8326.html]
[www.shadow-garden-mog.jp/en/information/news/gacha-231228-01/index8326.html]
[www.shadow-garden-mog.jp/en/information/news/gacha-231228-02/index8326.html]
[www.shadow-garden-mog.jp/en/information/news/gacha-240101-01/index8326.html]
[www.shadow-garden-mog.jp/en/information/news/gacha-240101-02/index8326.html]
[www.shadow-garden-mog.jp/en/information/news/gacha-240101-03/index8326.html]
[www.shadow-garden-mog.jp/en/information/news/gacha-240101-04/index8326.html]
[www.shadow-garden-mog.jp/en/information/news/gacha-240101-05/index8326.html]
[www.shadow-garden-mog.jp/en/information/news/gacha-240101-06/index8326.html]
[www.shadow-garden-mog.jp/en/information/news/gacha-240111-01/index8326.html]
[www.shadow-garden-mog.jp/en/information/news/gacha-240111-02/index8326.html]
[www.shadow-garden-mog.jp/en/information/news/gacha-240111-02/index8326.html]
[www.shadow-garden-mog.jp/en/information/news/gacha-240121-01/index8326.html]
[www.shadow-garden-mog.jp/en/information/news/gacha-240121-02/index8326.html]
[www.shadow-garden-mog.jp/wp-content/themes/webview/images/common/appletouch.html]
